Business Games backend running on port 3000
  Frontend origin: http://localhost:5173
MulterError: File too large
    at abortWithCode (/Users/mariaivanova/Desktop/Side_projects/BusinessGames/backend/node_modules/multer/lib/make-middleware.js:101:22)
    at FileStream.<anonymous> (/Users/mariaivanova/Desktop/Side_projects/BusinessGames/backend/node_modules/multer/lib/make-middleware.js:211:11)
    at FileStream.emit (node:events:518:28)
    at SBMH.ssCb [as _cb] (/Users/mariaivanova/Desktop/Side_projects/BusinessGames/backend/node_modules/busboy/lib/types/multipart.js:479:32)
    at feed (/Users/mariaivanova/Desktop/Side_projects/BusinessGames/backend/node_modules/streamsearch/lib/sbmh.js:248:10)
    at SBMH.push (/Users/mariaivanova/Desktop/Side_projects/BusinessGames/backend/node_modules/streamsearch/lib/sbmh.js:104:16)
    at Multipart._write (/Users/mariaivanova/Desktop/Side_projects/BusinessGames/backend/node_modules/busboy/lib/types/multipart.js:567:19)
    at writeOrBuffer (node:internal/streams/writable:572:12)
    at _write (node:internal/streams/writable:501:10)
    at Writable.write (node:internal/streams/writable:510:10)
MulterError: File too large
    at abortWithCode (/Users/mariaivanova/Desktop/Side_projects/BusinessGames/backend/node_modules/multer/lib/make-middleware.js:101:22)
    at FileStream.<anonymous> (/Users/mariaivanova/Desktop/Side_projects/BusinessGames/backend/node_modules/multer/lib/make-middleware.js:211:11)
    at FileStream.emit (node:events:518:28)
    at SBMH.ssCb [as _cb] (/Users/mariaivanova/Desktop/Side_projects/BusinessGames/backend/node_modules/busboy/lib/types/multipart.js:479:32)
    at feed (/Users/mariaivanova/Desktop/Side_projects/BusinessGames/backend/node_modules/streamsearch/lib/sbmh.js:248:10)
    at SBMH.push (/Users/mariaivanova/Desktop/Side_projects/BusinessGames/backend/node_modules/streamsearch/lib/sbmh.js:104:16)
    at Multipart._write (/Users/mariaivanova/Desktop/Side_projects/BusinessGames/backend/node_modules/busboy/lib/types/multipart.js:567:19)
    at writeOrBuffer (node:internal/streams/writable:572:12)
    at _write (node:internal/streams/writable:501:10)
    at Writable.write (node:internal/streams/writable:510:10)
